<?xml version="1.0" encoding="UTF-8"?>
<!-- Generated by org.testng.reporters.JUnitReportReporter -->
<testsuite hostname="DESKTOP-4B5PH76" failures="0" tests="4" name="dataprovider.FBloginWithUsersFromExcel" time="54.814" errors="0" timestamp="2021-09-20T22:27:11 IST" skipped="0">
  <testcase classname="dataprovider.FBloginWithUsersFromExcel" name="loginToFB" time="17.286"/>
  <system-out/>
  <testcase classname="dataprovider.FBloginWithUsersFromExcel" name="loginToFB" time="6.625"/>
  <system-out/>
  <testcase classname="dataprovider.FBloginWithUsersFromExcel" name="loginToFB" time="15.270"/>
  <system-out/>
  <testcase classname="dataprovider.FBloginWithUsersFromExcel" name="loginToFB" time="15.633"/>
  <system-out/>
</testsuite> <!-- dataprovider.FBloginWithUsersFromExcel -->
