<?xml version="1.0" encoding="UTF-8"?>
<!-- Generated by org.testng.reporters.JUnitReportReporter -->
<testsuite hostname="DESKTOP-4B5PH76" failures="0" tests="1" name="listPackage.ListExample" time="14.574" errors="0" timestamp="2021-09-18T09:51:57 IST" skipped="0">
  <testcase classname="listPackage.ListExample" name="nonSelectTag" time="14.574"/>
  <system-out/>
</testsuite> <!-- listPackage.ListExample -->
