<?xml version="1.0" encoding="UTF-8"?>
<!-- Generated by org.testng.reporters.JUnitReportReporter -->
<testsuite hostname="DESKTOP-4B5PH76" failures="0" tests="2" name="testNGpractice.LearnTestNG" time="0.012" errors="0" timestamp="2021-09-20T15:25:23 IST" skipped="0">
  <testcase classname="testNGpractice.LearnTestNG" name="B" time="0.010"/>
  <system-out/>
  <testcase classname="testNGpractice.LearnTestNG" name="D" time="0.002"/>
  <system-out/>
</testsuite> <!-- testNGpractice.LearnTestNG -->
