<?xml version="1.0" encoding="UTF-8"?>
<!-- Generated by org.testng.reporters.JUnitReportReporter -->
<testsuite hostname="DESKTOP-NFU91QR" failures="0" tests="2" name="testNGpractice.ParamsToTestMethod" time="26.726" errors="0" timestamp="2022-04-29T17:04:55 IST" skipped="0">
  <testcase classname="testNGpractice.ParamsToTestMethod" name="loginToApp" time="9.212"/>
  <system-out/>
  <testcase classname="testNGpractice.ParamsToTestMethod" name="navigatoToForgot" time="17.514"/>
  <system-out/>
</testsuite> <!-- testNGpractice.ParamsToTestMethod -->
