<?xml version="1.0" encoding="UTF-8"?>
<!-- Generated by org.testng.reporters.JUnitReportReporter -->
<testsuite hostname="DESKTOP-4B5PH76" failures="0" tests="4" name="dataprovider.DataProviderFromAnotherClass" time="0.010" errors="0" timestamp="2021-09-20T20:06:28 IST" skipped="0">
  <testcase classname="dataprovider.DataProviderFromAnotherClass" name="verifyData1" time="0.001"/>
  <system-out/>
  <testcase classname="dataprovider.DataProviderFromAnotherClass" name="verifyData1" time="0.002"/>
  <system-out/>
  <testcase classname="dataprovider.DataProviderFromAnotherClass" name="verifyData1" time="0.006"/>
  <system-out/>
  <testcase classname="dataprovider.DataProviderFromAnotherClass" name="verifyData1" time="0.001"/>
  <system-out/>
</testsuite> <!-- dataprovider.DataProviderFromAnotherClass -->
