<?xml version="1.0" encoding="UTF-8"?>
<!-- Generated by org.testng.reporters.JUnitReportReporter -->
<testsuite hostname="DESKTOP-4B5PH76" failures="0" tests="1" name="alerts_windowHandles_frames.AlertsClass" time="11.256" errors="0" timestamp="2021-09-21T13:49:33 IST" skipped="0">
  <testcase classname="alerts_windowHandles_frames.AlertsClass" name="handleAlert" time="11.256"/>
  <system-out/>
</testsuite> <!-- alerts_windowHandles_frames.AlertsClass -->
