<?xml version="1.0" encoding="UTF-8"?>
<!-- Generated by org.testng.reporters.JUnitReportReporter -->
<testsuite hostname="DESKTOP-4B5PH76" failures="0" tests="1" name="listPackage.AddElementsToList" time="0.008" errors="0" timestamp="2021-09-17T23:17:27 IST" skipped="0">
  <testcase classname="listPackage.AddElementsToList" name="AddToList" time="0.008"/>
  <system-out/>
</testsuite> <!-- listPackage.AddElementsToList -->
