<?xml version="1.0" encoding="UTF-8"?>
<!-- Generated by org.testng.reporters.JUnitReportReporter -->
<testsuite hostname="DESKTOP-4B5PH76" failures="0" tests="1" name="Dropdown.GenericDropdownSelect" time="2.951" errors="0" timestamp="2021-09-18T13:57:46 IST" skipped="0">
  <testcase classname="Dropdown.GenericDropdownSelect" name="SelectTag" time="2.951"/>
  <system-out/>
</testsuite> <!-- Dropdown.GenericDropdownSelect -->
