<?xml version="1.0" encoding="UTF-8"?>
<!-- Generated by org.testng.reporters.JUnitReportReporter -->
<testsuite hostname="DESKTOP-4B5PH76" failures="0" tests="1" name="Dropdown.GenericDrodownNonSelect" time="9.413" errors="0" timestamp="2021-09-18T14:07:05 IST" skipped="0">
  <testcase classname="Dropdown.GenericDrodownNonSelect" name="nonSelectTag" time="9.413"/>
  <system-out/>
</testsuite> <!-- Dropdown.GenericDrodownNonSelect -->
