<?xml version="1.0" encoding="UTF-8"?>
<!-- Generated by org.testng.reporters.JUnitReportReporter -->
<testsuite hostname="DESKTOP-4B5PH76" failures="0" tests="1" name="setPackage.SetWindowHandles" time="13.031" errors="0" timestamp="2021-09-18T10:52:04 IST" skipped="0">
  <testcase classname="setPackage.SetWindowHandles" name="setWindows" time="13.031"/>
  <system-out/>
</testsuite> <!-- setPackage.SetWindowHandles -->
