<?xml version="1.0" encoding="UTF-8"?>
<!-- Generated by org.testng.reporters.JUnitReportReporter -->
<testsuite hostname="DESKTOP-4B5PH76" failures="0" tests="1" name="Dropdown.NonSelectDD" time="10.097" errors="0" timestamp="2021-09-12T22:34:46 IST" skipped="0">
  <testcase classname="Dropdown.NonSelectDD" name="nonSelectTag" time="10.097"/>
  <system-out/>
</testsuite> <!-- Dropdown.NonSelectDD -->
