<?xml version="1.0" encoding="UTF-8"?>
<!-- Generated by org.testng.reporters.JUnitReportReporter -->
<testsuite hostname="DESKTOP-4B5PH76" failures="0" tests="2" name="testNGpractice.ParamsToTestMethod" time="30.347" errors="0" timestamp="2021-09-21T13:16:28 IST" skipped="0">
  <testcase classname="testNGpractice.ParamsToTestMethod" name="loginToApp" time="24.509"/>
  <system-out/>
  <testcase classname="testNGpractice.ParamsToTestMethod" name="navigatoToForgot" time="5.838"/>
  <system-out/>
</testsuite> <!-- testNGpractice.ParamsToTestMethod -->
