<?xml version="1.0" encoding="UTF-8"?>
<!-- Generated by org.testng.reporters.JUnitReportReporter -->
<testsuite hostname="DESKTOP-4B5PH76" failures="0" tests="5" name="tables.WorkwithTables" time="6.151" errors="0" timestamp="2021-09-15T22:21:27 IST" skipped="4">
  <testcase classname="tables.WorkwithTables" name="selectCorrespondingItem" time="6.151"/>
  <system-out/>
  <testcase classname="tables.WorkwithTables" name="onlyColumn">
    <skipped/>
  </testcase> <!-- onlyColumn -->
  <system-out/>
  <testcase classname="tables.WorkwithTables" name="testHeaders">
    <skipped/>
  </testcase> <!-- testHeaders -->
  <system-out/>
  <testcase classname="tables.WorkwithTables" name="allData">
    <skipped/>
  </testcase> <!-- allData -->
  <system-out/>
  <testcase classname="tables.WorkwithTables" name="testRows">
    <skipped/>
  </testcase> <!-- testRows -->
  <system-out/>
</testsuite> <!-- tables.WorkwithTables -->
