<?xml version="1.0" encoding="UTF-8"?>
<!-- Generated by org.testng.reporters.JUnitReportReporter -->
<testsuite hostname="DESKTOP-4B5PH76" failures="0" tests="1" name="Dropdown.SelectDD" time="14.017" errors="0" timestamp="2021-09-12T20:26:31 IST" skipped="0">
  <testcase classname="Dropdown.SelectDD" name="whenSelectTag" time="14.017"/>
  <system-out/>
</testsuite> <!-- Dropdown.SelectDD -->
