<?xml version="1.0" encoding="UTF-8"?>
<!-- Generated by org.testng.reporters.JUnitReportReporter -->
<testsuite hostname="DESKTOP-4B5PH76" failures="0" tests="1" name="readExcel.ReadExcelFile" time="0.592" errors="0" timestamp="2021-09-20T21:51:04 IST" skipped="0">
  <testcase classname="readExcel.ReadExcelFile" name="fetchTestData" time="0.592"/>
  <system-out/>
</testsuite> <!-- readExcel.ReadExcelFile -->
