<?xml version="1.0" encoding="UTF-8"?>
<!-- Generated by org.testng.reporters.JUnitReportReporter -->
<testsuite hostname="DESKTOP-4B5PH76" failures="0" tests="1" name="setPackage.Set_ListWindowHandles" time="12.860" errors="0" timestamp="2021-09-18T19:48:36 IST" skipped="0">
  <testcase classname="setPackage.Set_ListWindowHandles" name="setWindows" time="12.860"/>
  <system-out/>
</testsuite> <!-- setPackage.Set_ListWindowHandles -->
