<?xml version="1.0" encoding="UTF-8"?>
<!-- Generated by org.testng.reporters.JUnitReportReporter -->
<testsuite hostname="DESKTOP-4B5PH76" failures="0" tests="1" name="calendar.selectCalendar" time="29.656" errors="0" timestamp="2021-09-13T23:28:34 IST" skipped="0">
  <testcase classname="calendar.selectCalendar" name="selectDate" time="29.656"/>
  <system-out/>
</testsuite> <!-- calendar.selectCalendar -->
