<?xml version="1.0" encoding="UTF-8"?>
<!-- Generated by org.testng.reporters.JUnitReportReporter -->
<testsuite hostname="DESKTOP-4B5PH76" failures="0" tests="1" name="assertions.HardAssertion" time="4.650" errors="0" timestamp="2021-09-12T19:57:56 IST" skipped="0">
  <testcase classname="assertions.HardAssertion" name="softNhardAssert" time="4.650"/>
  <system-out/>
</testsuite> <!-- assertions.HardAssertion -->
