<?xml version="1.0" encoding="UTF-8"?>
<!-- Generated by org.testng.reporters.JUnitReportReporter -->
<testsuite hostname="DESKTOP-NFU91QR" failures="0" tests="4" name="dataprovider.FBloginWithUsersFromExcel" time="34.867" errors="0" timestamp="2022-06-25T16:52:26 IST" skipped="0">
  <testcase classname="dataprovider.FBloginWithUsersFromExcel" name="loginToFB" time="6.027"/>
  <system-out/>
  <testcase classname="dataprovider.FBloginWithUsersFromExcel" name="loginToFB" time="6.903"/>
  <system-out/>
  <testcase classname="dataprovider.FBloginWithUsersFromExcel" name="loginToFB" time="9.350"/>
  <system-out/>
  <testcase classname="dataprovider.FBloginWithUsersFromExcel" name="loginToFB" time="12.587"/>
  <system-out/>
</testsuite> <!-- dataprovider.FBloginWithUsersFromExcel -->
