<?xml version="1.0" encoding="UTF-8"?>
<!-- Generated by org.testng.reporters.JUnitReportReporter -->
<testsuite hostname="DESKTOP-NFU91QR" failures="0" tests="1" name="alerts_windowHandles_frames.FramesClass" time="51.314" errors="0" timestamp="2022-05-31T15:54:22 IST" skipped="0">
  <testcase classname="alerts_windowHandles_frames.FramesClass" name="testFrames" time="51.314"/>
  <system-out/>
</testsuite> <!-- alerts_windowHandles_frames.FramesClass -->
