<?xml version="1.0" encoding="UTF-8"?>
<!-- Generated by org.testng.reporters.JUnitReportReporter -->
<testsuite hostname="DESKTOP-4B5PH76" failures="0" tests="1" name="alerts_windowHandles_frames.FramesClass" time="8.602" errors="0" timestamp="2021-09-21T22:13:59 IST" skipped="0">
  <testcase classname="alerts_windowHandles_frames.FramesClass" name="testFrames" time="8.602"/>
  <system-out/>
</testsuite> <!-- alerts_windowHandles_frames.FramesClass -->
