<?xml version="1.0" encoding="UTF-8"?>
<!-- Generated by org.testng.reporters.JUnitReportReporter -->
<testsuite hostname="DESKTOP-4B5PH76" failures="0" tests="1" name="dataprovider.TestParameters" time="0.009" errors="0" timestamp="2021-09-21T09:53:03 IST" skipped="0">
  <testcase classname="dataprovider.TestParameters" name="verifyData1" time="0.009"/>
  <system-out/>
</testsuite> <!-- dataprovider.TestParameters -->
