<?xml version="1.0" encoding="UTF-8"?>
<!-- Generated by org.testng.reporters.JUnitReportReporter -->
<testsuite hostname="DESKTOP-4B5PH76" failures="0" tests="2" name="listenersTestNG.TestClass" time="18.274" errors="0" timestamp="2021-10-02T10:05:18 IST" skipped="0">
  <testcase classname="listenersTestNG.TestClass" name="TestLoginToApp" time="11.966"/>
  <system-out/>
  <testcase classname="listenersTestNG.TestClass" name="logoutFromOrange" time="6.308"/>
  <system-out/>
</testsuite> <!-- listenersTestNG.TestClass -->
