<?xml version="1.0" encoding="UTF-8"?>
<!-- Generated by org.testng.reporters.JUnitReportReporter -->
<testsuite hostname="DESKTOP-4B5PH76" failures="0" tests="1" name="writeToExcel.WritingToExcel" time="0.741" errors="0" timestamp="2021-09-19T11:05:26 IST" skipped="0">
  <testcase classname="writeToExcel.WritingToExcel" name="fetchTestData" time="0.741"/>
  <system-out/>
</testsuite> <!-- writeToExcel.WritingToExcel -->
