<?xml version="1.0" encoding="UTF-8"?>
<!-- Generated by org.testng.reporters.JUnitReportReporter -->
<testsuite hostname="DESKTOP-4B5PH76" failures="0" tests="4" name="dataprovider.DemoDP" time="0.008" errors="0" timestamp="2021-09-20T20:03:47 IST" skipped="0">
  <testcase classname="dataprovider.DemoDP" name="verifyData1" time="0.000"/>
  <system-out/>
  <testcase classname="dataprovider.DemoDP" name="verifyData1" time="0.006"/>
  <system-out/>
  <testcase classname="dataprovider.DemoDP" name="verifyData1" time="0.001"/>
  <system-out/>
  <testcase classname="dataprovider.DemoDP" name="verifyData1" time="0.001"/>
  <system-out/>
</testsuite> <!-- dataprovider.DemoDP -->
