<?xml version="1.0" encoding="UTF-8"?>
<!-- Generated by org.testng.reporters.JUnitReportReporter -->
<testsuite hostname="DESKTOP-4B5PH76" failures="0" tests="2" name="testNGpractice.RealEgTestNG" time="27.282" errors="0" timestamp="2021-09-20T16:13:35 IST" skipped="0">
  <testcase classname="testNGpractice.RealEgTestNG" name="loginToApp" time="23.384"/>
  <system-out/>
  <testcase classname="testNGpractice.RealEgTestNG" name="navigatoToForgot" time="3.898"/>
  <system-out/>
</testsuite> <!-- testNGpractice.RealEgTestNG -->
