<?xml version="1.0" encoding="UTF-8"?>
<!-- Generated by org.testng.reporters.JUnitReportReporter -->
<testsuite hostname="DESKTOP-4B5PH76" failures="0" tests="2" name="propertiesFile.AccessPropertiesFile" time="1.450" errors="0" timestamp="2021-09-18T22:40:59 IST" skipped="0">
  <testcase classname="propertiesFile.AccessPropertiesFile" name="accessingConfig" time="1.430"/>
  <system-out/>
  <testcase classname="propertiesFile.AccessPropertiesFile" name="writeToPropertiesFile" time="0.020"/>
  <system-out/>
</testsuite> <!-- propertiesFile.AccessPropertiesFile -->
