<?xml version="1.0" encoding="UTF-8"?>
<!-- Generated by org.testng.reporters.JUnitReportReporter -->
<testsuite hostname="DESKTOP-4B5PH76" failures="0" tests="4" name="assertions.dataprovider.DemoDP" time="0.010" errors="0" timestamp="2021-09-20T17:44:49 IST" skipped="0">
  <testcase classname="assertions.dataprovider.DemoDP" name="verifyData1" time="0.001"/>
  <system-out/>
  <testcase classname="assertions.dataprovider.DemoDP" name="verifyData1" time="0.007"/>
  <system-out/>
  <testcase classname="assertions.dataprovider.DemoDP" name="verifyData1" time="0.001"/>
  <system-out/>
  <testcase classname="assertions.dataprovider.DemoDP" name="verifyData1" time="0.001"/>
  <system-out/>
</testsuite> <!-- assertions.dataprovider.DemoDP -->
