<?xml version="1.0" encoding="UTF-8"?>
<!-- Generated by org.testng.reporters.JUnitReportReporter -->
<testsuite hostname="DESKTOP-NFU91QR" failures="0" tests="1" name="writeToExcel.WritingToExcel" time="0.949" errors="0" timestamp="2022-04-29T17:47:13 IST" skipped="0">
  <testcase classname="writeToExcel.WritingToExcel" name="fetchTestData" time="0.949"/>
  <system-out/>
</testsuite> <!-- writeToExcel.WritingToExcel -->
