<?xml version="1.0" encoding="UTF-8"?>
<!-- Generated by org.testng.reporters.JUnitReportReporter -->
<testsuite hostname="DESKTOP-4B5PH76" failures="0" tests="4" name="testNGpractice.ChildOne" time="0.006" errors="0" timestamp="2021-09-19T11:45:31 IST" skipped="0">
  <testcase classname="testNGpractice.ChildOne" name="testOne" time="0.002"/>
  <system-out/>
  <testcase classname="testNGpractice.ChildOne" name="testOne" time="0.004"/>
  <system-out/>
  <testcase classname="testNGpractice.ChildOne" name="testTwo" time="0.000"/>
  <system-out/>
  <testcase classname="testNGpractice.ChildOne" name="testTwo" time="0.000"/>
  <system-out/>
</testsuite> <!-- testNGpractice.ChildOne -->
