<?xml version="1.0" encoding="UTF-8"?>
<!-- Generated by org.testng.reporters.JUnitReportReporter -->
<testsuite hostname="DESKTOP-NFU91QR" failures="0" tests="1" name="listPackage.AddElementsToList" time="0.006" errors="0" timestamp="2022-04-29T16:26:48 IST" skipped="0">
  <testcase classname="listPackage.AddElementsToList" name="AddToList" time="0.006"/>
  <system-out/>
</testsuite> <!-- listPackage.AddElementsToList -->
